0 info it worked if it ends with ok
1 verbose cli [ 'D:\\node\\node.exe',
1 verbose cli   'D:\\node\\node_modules\\npm\\bin\\npm-cli.js',
1 verbose cli   'run',
1 verbose cli   'dev' ]
2 info using npm@3.10.10
3 info using node@v6.11.2
4 verbose run-script [ 'predev', 'dev', 'postdev' ]
5 info lifecycle lecturer@1.0.0~predev: lecturer@1.0.0
6 silly lifecycle lecturer@1.0.0~predev: no script for predev, continuing
7 info lifecycle lecturer@1.0.0~dev: lecturer@1.0.0
8 verbose lifecycle lecturer@1.0.0~dev: unsafe-perm in lifecycle true
9 verbose lifecycle lecturer@1.0.0~dev: PATH: D:\node\node_modules\npm\bin\node-gyp-bin;E:\newera\ggcj_web_static_pages\vue\user.ggcj\node_modules\.bin;C:\Program Files (x86)\Common Files\Oracle\Java\javapath;C:\ProgramData\Oracle\Java\javapath;C:\Windows\system32;C:\Windows;C:\Windows\System32\Wbem;C:\Windows\System32\WindowsPowerShell\v1.0\;D:\node\;D:\svn\bin;C:\Program Files\Java\jdk1.8.0_144\bin;C:\Program Files\Java\jdk1.8.0_144\jre\bin;F:\android-sdk_r24.4.1-windows\android-sdk-windows\platform-tools;F:\android-sdk_r24.4.1-windows\android-sdk-windows\tools;C:\Users\GG\AppData\Roaming\npm;C:\Users\GG\Downloads\platform-tools;D:\OpenSSL-Win64\bin;D:\MySQL\bin;D:\maven\apache-maven-3.5.3\bin;D:\Program Files (x86)\Git\cmd;C:\Users\GG\AppData\Local\Programs\Python\Python36\Scripts\;C:\Users\GG\AppData\Local\Programs\Python\Python36\;D:\python36\Scripts\;D:\python36\
10 verbose lifecycle lecturer@1.0.0~dev: CWD: E:\newera\ggcj_web_static_pages\vue\user.ggcj
11 silly lifecycle lecturer@1.0.0~dev: Args: [ '/d /s /c',
11 silly lifecycle   'webpack-dev-server --inline --progress --config build/webpack.dev.conf.js' ]
12 silly lifecycle lecturer@1.0.0~dev: Returned: code: 3221225786  signal: null
13 info lifecycle lecturer@1.0.0~dev: Failed to exec dev script
14 verbose stack Error: lecturer@1.0.0 dev: `webpack-dev-server --inline --progress --config build/webpack.dev.conf.js`
14 verbose stack Exit status 3221225786
14 verbose stack     at EventEmitter.<anonymous> (D:\node\node_modules\npm\lib\utils\lifecycle.js:255:16)
14 verbose stack     at emitTwo (events.js:106:13)
14 verbose stack     at EventEmitter.emit (events.js:191:7)
14 verbose stack     at ChildProcess.<anonymous> (D:\node\node_modules\npm\lib\utils\spawn.js:40:14)
14 verbose stack     at emitTwo (events.js:106:13)
14 verbose stack     at ChildProcess.emit (events.js:191:7)
14 verbose stack     at maybeClose (internal/child_process.js:891:16)
14 verbose stack     at Process.ChildProcess._handle.onexit (internal/child_process.js:226:5)
15 verbose pkgid lecturer@1.0.0
16 verbose cwd E:\newera\ggcj_web_static_pages\vue\user.ggcj
17 error Windows_NT 6.1.7601
18 error argv "D:\\node\\node.exe" "D:\\node\\node_modules\\npm\\bin\\npm-cli.js" "run" "dev"
19 error node v6.11.2
20 error npm  v3.10.10
21 error code ELIFECYCLE
22 error lecturer@1.0.0 dev: `webpack-dev-server --inline --progress --config build/webpack.dev.conf.js`
22 error Exit status 3221225786
23 error Failed at the lecturer@1.0.0 dev script 'webpack-dev-server --inline --progress --config build/webpack.dev.conf.js'.
23 error Make sure you have the latest version of node.js and npm installed.
23 error If you do, this is most likely a problem with the lecturer package,
23 error not with npm itself.
23 error Tell the author that this fails on your system:
23 error     webpack-dev-server --inline --progress --config build/webpack.dev.conf.js
23 error You can get information on how to open an issue for this project with:
23 error     npm bugs lecturer
23 error Or if that isn't available, you can get their info via:
23 error     npm owner ls lecturer
23 error There is likely additional logging output above.
24 verbose exit [ 1, true ]
